<?xml version="1.0" encoding="UTF-8"?>
<!-- Generated by org.testng.reporters.JUnitReportReporter -->
<testsuite hostname="DESKTOP-JO3LTJ1" name="cases.Test1" tests="1" failures="0" timestamp="6 Sep 2017 14:37:31 GMT" time="18.880" errors="0">
  <testcase name="test1" time="18.880" classname="cases.Test1"/>
</testsuite> <!-- cases.Test1 -->
